2016-10-02 23:30:44,190 0    [main] WARN  poker.Deal  - Trace Message!
2016-10-02 23:30:56,454 0    [main] WARN  poker.Deal  - Trace Message!
2016-10-03 17:28:33,056 0    [main] WARN  poker.Deal  - Trace Message!
2016-10-03 17:29:25,435 0    [main] DEBUG poker.Deal  - Trace Message!
2016-10-03 17:29:25,438 3    [main] DEBUG poker.Deck  - cards: AS 2S 3S 4S 5S 6S 7S 8S 9S TS JS QS KS AH 2H 3H 4H 5H 6H 7H 8H 9H TH JH QH KH AD 2D 3D 4D 5D 6D 7D 8D 9D TD JD QD KD AC 2C 3C 4C 5C 6C 7C 8C 9C TC JC QC KC 
2016-10-03 17:29:25,439 4    [main] DEBUG poker.Deck  - shuffle: 6C QC 2D 3D 4S TD 2S TH QD JH 5D 5H AD 3H KH TC TS 5S KS 9D 4C AH 8H 4H 2H 8C 3S 9H 7S QH 6H JS 6S 9S AS KC JD AC JC 3C 8D 7C 9C 5C 2C 4D KD 8S 6D QS 7D 7H 
2016-10-03 17:29:25,440 5    [main] DEBUG poker.Evaluator  - evaluate: [3C, 5C, 7C, 7H, 8D, 8S, 9C]
2016-10-03 17:29:25,440 5    [main] DEBUG poker.Evaluator  - score: two pair, [8S, 8D, 7H, 7C, 9C]
2016-10-03 17:29:25,440 5    [main] DEBUG poker.Evaluator  - not used: [3C, 5C]
2016-10-03 17:29:25,441 6    [main] DEBUG poker.Evaluator  - evaluate: [3C, 5C, 7C, 7D, 8D, 9C, KD]
2016-10-03 17:29:25,441 6    [main] DEBUG poker.Evaluator  - score: pair, [7D, 7C, KD, 9C, 8D]
2016-10-03 17:29:25,441 6    [main] DEBUG poker.Evaluator  - not used: [3C, 5C]
2016-10-03 17:29:25,441 6    [main] DEBUG poker.Evaluator  - evaluate: [3C, 4D, 5C, 7C, 8D, 9C, QS]
2016-10-03 17:29:25,441 6    [main] DEBUG poker.Evaluator  - score: high card, [QS, 9C, 8D, 7C, 5C]
2016-10-03 17:29:25,441 6    [main] DEBUG poker.Evaluator  - not used: [3C, 4D]
2016-10-03 17:29:25,441 6    [main] DEBUG poker.Evaluator  - evaluate: [2C, 3C, 5C, 6D, 7C, 8D, 9C]
2016-10-03 17:29:25,441 6    [main] DEBUG poker.Evaluator  - searchBySuit: [2C, 3C, 5C, 7C, 9C]
2016-10-03 17:29:25,441 6    [main] DEBUG poker.Evaluator  - score: flush, [9C, 9C, 9C, 9C, 9C]
2016-10-03 17:29:25,441 6    [main] DEBUG poker.Evaluator  - not used: [2C, 3C, 5C, 6D, 7C, 8D]
2016-10-03 17:32:33,047 0    [main] DEBUG poker.Deal  - Trace Message!
2016-10-03 17:32:33,052 5    [main] DEBUG poker.Deck  - cards: AS 2S 3S 4S 5S 6S 7S 8S 9S TS JS QS KS AH 2H 3H 4H 5H 6H 7H 8H 9H TH JH QH KH AD 2D 3D 4D 5D 6D 7D 8D 9D TD JD QD KD AC 2C 3C 4C 5C 6C 7C 8C 9C TC JC QC KC 
2016-10-03 17:32:33,054 7    [main] DEBUG poker.Deck  - shuffle: 2S 5D QC 7C 9C 5C 3C 7H 3H 5S 9S TD KC AS 9D 4S QH JD QS 9H 6C 6H 3D 6D JC 2D AD JS 6S AC TH JH QD 3S 8S TC 4D KS KD AH 5H 4H 8H 4C 7D TS 7S 2H 2C 8D KH 8C 
2016-10-03 17:32:33,056 9    [main] DEBUG poker.Evaluator  - evaluate: [2H, 4C, 4H, 5H, 8C, 8H, AH]
2016-10-03 17:32:33,057 10   [main] DEBUG poker.Evaluator  - searchBySuit: [2H, 4H, 5H, 8H, AH]
2016-10-03 17:32:33,057 10   [main] DEBUG poker.Evaluator  - score: flush, [AH, AH, AH, AH, AH]
2016-10-03 17:32:33,057 10   [main] DEBUG poker.Evaluator  - not used: [2H, 4C, 4H, 5H, 8C, 8H]
2016-10-03 17:34:20,246 0    [main] DEBUG poker.Deal  - Trace Message!
2016-10-03 17:34:20,249 3    [main] DEBUG poker.Deck  - cards: AS 2S 3S 4S 5S 6S 7S 8S 9S TS JS QS KS AH 2H 3H 4H 5H 6H 7H 8H 9H TH JH QH KH AD 2D 3D 4D 5D 6D 7D 8D 9D TD JD QD KD AC 2C 3C 4C 5C 6C 7C 8C 9C TC JC QC KC 
2016-10-03 17:34:20,251 5    [main] DEBUG poker.Deck  - shuffle: 3C 6H 2C 8C TC 8D JH AC 7S 5D 8S KS AS 4D 5C 5H TH 9C 9D JD 7H 9S 2H 3D 9H TD 5S 7D 4H KC 7C JS 6C KH AD QS 6S AH JC 4S QC QH 2S 3H 3S 8H 4C KD 6D 2D QD TS 
2016-10-03 17:34:20,252 6    [main] DEBUG poker.Evaluator  - evaluate: [2S, 3H, 4S, TS, QC, QH, KD]
2016-10-03 17:34:20,254 8    [main] DEBUG poker.Evaluator  - score: pair, [QH, QC, KD, TS, 4S]
2016-10-03 17:34:20,254 8    [main] DEBUG poker.Evaluator  - not used: [2S, 3H]
2016-10-03 17:34:20,254 8    [main] DEBUG poker.Evaluator  - evaluate: [2S, 3H, 4C, 4S, QC, QD, QH]
2016-10-03 17:34:20,255 9    [main] DEBUG poker.Evaluator  - score: full house, [QH, QD, QC, 4S, 4C]
2016-10-03 17:34:20,255 9    [main] DEBUG poker.Evaluator  - not used: [2S, 3H]
2016-10-03 17:34:20,255 9    [main] DEBUG poker.Evaluator  - evaluate: [2D, 2S, 3H, 4S, 8H, QC, QH]
2016-10-03 17:34:20,255 9    [main] DEBUG poker.Evaluator  - score: two pair, [QH, QC, 2S, 2D, 8H]
2016-10-03 17:34:20,255 9    [main] DEBUG poker.Evaluator  - not used: [3H, 4S]
2016-10-03 17:34:20,256 10   [main] DEBUG poker.Evaluator  - evaluate: [2S, 3H, 3S, 4S, 6D, QC, QH]
2016-10-03 17:34:20,256 10   [main] DEBUG poker.Evaluator  - score: two pair, [QH, QC, 3S, 3H, 6D]
2016-10-03 17:34:20,256 10   [main] DEBUG poker.Evaluator  - not used: [2S, 4S]
2016-10-03 17:34:28,143 0    [main] DEBUG poker.Deal  - Trace Message!
2016-10-03 17:34:28,148 5    [main] DEBUG poker.Deck  - cards: AS 2S 3S 4S 5S 6S 7S 8S 9S TS JS QS KS AH 2H 3H 4H 5H 6H 7H 8H 9H TH JH QH KH AD 2D 3D 4D 5D 6D 7D 8D 9D TD JD QD KD AC 2C 3C 4C 5C 6C 7C 8C 9C TC JC QC KC 
2016-10-03 17:34:28,150 7    [main] DEBUG poker.Deck  - shuffle: QC 2H AS JC 5S 8D 4D AC 3H 8C 3D TH 7H KD 9C 6S 9D 7S QD JS 6D TD AH 4H 7C KH JH QH 8H AD 6C 5C 4S JD 8S 2S 7D 3C 3S 4C 2C 9H 6H 5H KS TC 5D TS 9S QS KC 2D 
2016-10-03 17:34:28,151 8    [main] DEBUG poker.Evaluator  - evaluate: [2C, 2D, 4C, 5H, 6H, 9H, TS]
2016-10-03 17:34:28,153 10   [main] DEBUG poker.Evaluator  - score: pair, [2D, 2C, TS, 9H, 6H]
2016-10-03 17:34:28,154 11   [main] DEBUG poker.Evaluator  - not used: [4C, 5H]
2016-10-03 17:34:28,154 11   [main] DEBUG poker.Evaluator  - evaluate: [2C, 4C, 5D, 5H, 6H, 9H, KC]
2016-10-03 17:34:28,154 11   [main] DEBUG poker.Evaluator  - score: pair, [5H, 5D, KC, 9H, 6H]
2016-10-03 17:34:28,154 11   [main] DEBUG poker.Evaluator  - not used: [2C, 4C]
2016-10-03 17:34:28,154 11   [main] DEBUG poker.Evaluator  - evaluate: [2C, 4C, 5H, 6H, 9H, TC, QS]
2016-10-03 17:34:28,155 12   [main] DEBUG poker.Evaluator  - score: high card, [QS, TC, 9H, 6H, 5H]
2016-10-03 17:34:28,155 12   [main] DEBUG poker.Evaluator  - not used: [2C, 4C]
2016-10-03 17:34:28,155 12   [main] DEBUG poker.Evaluator  - evaluate: [2C, 4C, 5H, 6H, 9H, 9S, KS]
2016-10-03 17:34:28,155 12   [main] DEBUG poker.Evaluator  - score: pair, [9S, 9H, KS, 6H, 5H]
2016-10-03 17:34:28,155 12   [main] DEBUG poker.Evaluator  - not used: [2C, 4C]
2016-10-03 17:38:56,620 0    [main] DEBUG poker.Deal  - Trace Message!
2016-10-03 17:38:56,624 4    [main] DEBUG poker.Deck  - cards: AS 2S 3S 4S 5S 6S 7S 8S 9S TS JS QS KS AH 2H 3H 4H 5H 6H 7H 8H 9H TH JH QH KH AD 2D 3D 4D 5D 6D 7D 8D 9D TD JD QD KD AC 2C 3C 4C 5C 6C 7C 8C 9C TC JC QC KC 
2016-10-03 17:38:56,625 5    [main] DEBUG poker.Deck  - shuffle: 8C JS 2D TD 2C TS JH 3S 5H 2S 9S 7C QD 7D AD 5C 8D 2H 8H AH 5S KH JD 6D KS 6H TC 9C 3H TH 6S 6C 4C 4D JC AS KD 8S 4H 7H QC 3C QS QH 9H 3D 7S KC 5D 9D AC 4S 
2016-10-03 17:38:56,627 7    [main] DEBUG poker.Evaluator  - evaluate: [3C, 4S, 7H, QC, QH, QS, KC]
2016-10-03 17:38:56,627 7    [main] DEBUG poker.Evaluator  - score: three of a kind, [QS, QH, QC, KC, 7H]
2016-10-03 17:38:56,627 7    [main] DEBUG poker.Evaluator  - not used: [3C, 4S]
2016-10-03 17:38:56,628 8    [main] DEBUG poker.Evaluator  - evaluate: [3C, 7H, 7S, QC, QH, QS, AC]
2016-10-03 17:38:56,628 8    [main] DEBUG poker.Evaluator  - score: full house, [QS, QH, QC, 7S, 7H]
2016-10-03 17:38:56,628 8    [main] DEBUG poker.Evaluator  - not used: [3C, AC]
2016-10-03 17:38:56,628 8    [main] DEBUG poker.Evaluator  - evaluate: [3C, 3D, 7H, 9D, QC, QH, QS]
2016-10-03 17:38:56,628 8    [main] DEBUG poker.Evaluator  - score: full house, [QS, QH, QC, 3D, 3C]
2016-10-03 17:38:56,628 8    [main] DEBUG poker.Evaluator  - not used: [7H, 9D]
2016-10-03 17:38:56,628 8    [main] DEBUG poker.Evaluator  - evaluate: [3C, 5D, 7H, 9H, QC, QH, QS]
2016-10-03 17:38:56,628 8    [main] DEBUG poker.Evaluator  - score: three of a kind, [QS, QH, QC, 9H, 7H]
2016-10-03 17:38:56,628 8    [main] DEBUG poker.Evaluator  - not used: [3C, 5D]
2016-10-03 17:39:20,658 0    [main] DEBUG poker.Deal  - Trace Message!
2016-10-03 17:39:20,662 4    [main] DEBUG poker.Deck  - cards: AS 2S 3S 4S 5S 6S 7S 8S 9S TS JS QS KS AH 2H 3H 4H 5H 6H 7H 8H 9H TH JH QH KH AD 2D 3D 4D 5D 6D 7D 8D 9D TD JD QD KD AC 2C 3C 4C 5C 6C 7C 8C 9C TC JC QC KC 
2016-10-03 17:39:20,664 6    [main] DEBUG poker.Deck  - shuffle: QH 8D 5H 5C QS 4S 7D AS AH 3H 5D 4C 9D KS 6H 6C JH TC 9S 2D 7C AD JS 2H 9C 4H KH TS TH 4D 6S QC TD 8H 8S QD 3C 5S 9H KC 8C JD 3D 2C AC 2S 6D 3S 7H KD 7S JC 
2016-10-03 17:39:20,665 7    [main] DEBUG poker.Evaluator  - evaluate: [2C, 3D, 3S, 8C, JC, JD, KC]
2016-10-03 17:39:20,667 9    [main] DEBUG poker.Evaluator  - score: two pair, [JD, JC, 3S, 3D, KC]
2016-10-03 17:39:20,667 9    [main] DEBUG poker.Evaluator  - not used: [2C, 8C]
2016-10-03 17:39:20,668 10   [main] DEBUG poker.Evaluator  - evaluate: [2C, 3D, 6D, 7S, 8C, JD, KC]
2016-10-03 17:39:20,668 10   [main] DEBUG poker.Evaluator  - score: high card, [KC, JD, 8C, 7S, 6D]
2016-10-03 17:39:20,668 10   [main] DEBUG poker.Evaluator  - not used: [2C, 3D]
2016-10-03 17:39:20,669 11   [main] DEBUG poker.Evaluator  - evaluate: [2C, 2S, 3D, 8C, JD, KC, KD]
2016-10-03 17:39:20,669 11   [main] DEBUG poker.Evaluator  - score: two pair, [KD, KC, 2S, 2C, JD]
2016-10-03 17:39:20,669 11   [main] DEBUG poker.Evaluator  - not used: [3D, 8C]
2016-10-03 17:39:20,669 11   [main] DEBUG poker.Evaluator  - evaluate: [2C, 3D, 7H, 8C, JD, KC, AC]
2016-10-03 17:39:20,670 12   [main] DEBUG poker.Evaluator  - score: high card, [AC, KC, JD, 8C, 7H]
2016-10-03 17:39:20,670 12   [main] DEBUG poker.Evaluator  - not used: [2C, 3D]
2016-10-03 17:40:55,941 0    [main] DEBUG poker.Deal  - Trace Message!
2016-10-03 17:40:55,944 3    [main] DEBUG poker.Deck  - cards: AS 2S 3S 4S 5S 6S 7S 8S 9S TS JS QS KS AH 2H 3H 4H 5H 6H 7H 8H 9H TH JH QH KH AD 2D 3D 4D 5D 6D 7D 8D 9D TD JD QD KD AC 2C 3C 4C 5C 6C 7C 8C 9C TC JC QC KC 
2016-10-03 17:40:55,946 5    [main] DEBUG poker.Deck  - shuffle: 4S QD 5D TD 6C AH KC 8H AD 8D JD 6H 2H 9H 5H 2C QC QH 9S 8C 4C 9D 8S 3S AC 4H 5S 7S TC 2D AS KD TS 2S JS JC TH 3D 7H KH 3H 6D 9C 5C 3C KS 7C 6S 4D QS 7D JH 
2016-10-03 17:40:55,947 6    [main] DEBUG poker.Evaluator  - evaluate: [3H, 5C, 6D, 6S, 9C, JH, KH]
2016-10-03 17:40:55,958 17   [main] DEBUG poker.Evaluator  - score: pair, [6S, 6D, KH, JH, 9C]
2016-10-03 17:40:55,958 17   [main] DEBUG poker.Evaluator  - not used: [3H, 5C]
2016-10-03 17:40:55,958 17   [main] DEBUG poker.Evaluator  - evaluate: [3H, 5C, 6D, 7C, 7D, 9C, KH]
2016-10-03 17:40:55,958 17   [main] DEBUG poker.Evaluator  - score: pair, [7D, 7C, KH, 9C, 6D]
2016-10-03 17:40:55,959 18   [main] DEBUG poker.Evaluator  - not used: [3H, 5C]
2016-10-03 17:40:55,959 18   [main] DEBUG poker.Evaluator  - evaluate: [3H, 5C, 6D, 9C, QS, KH, KS]
2016-10-03 17:40:55,959 18   [main] DEBUG poker.Evaluator  - score: pair, [KS, KH, QS, 9C, 6D]
2016-10-03 17:40:55,959 18   [main] DEBUG poker.Evaluator  - not used: [3H, 5C]
2016-10-03 17:40:55,959 18   [main] DEBUG poker.Evaluator  - evaluate: [3C, 3H, 4D, 5C, 6D, 9C, KH]
2016-10-03 17:40:55,959 18   [main] DEBUG poker.Evaluator  - score: pair, [3H, 3C, KH, 9C, 6D]
2016-10-03 17:40:55,960 19   [main] DEBUG poker.Evaluator  - not used: [4D, 5C]
2016-10-03 17:55:07,528 0    [main] DEBUG poker.Deal  - Trace Message!
2016-10-03 17:55:07,565 37   [main] DEBUG poker.Deck  - cards: AS 2S 3S 4S 5S 6S 7S 8S 9S TS JS QS KS AH 2H 3H 4H 5H 6H 7H 8H 9H TH JH QH KH AD 2D 3D 4D 5D 6D 7D 8D 9D TD JD QD KD AC 2C 3C 4C 5C 6C 7C 8C 9C TC JC QC KC 
2016-10-03 17:55:07,569 41   [main] DEBUG poker.Deck  - shuffle: 4C 8S 6H KD 5H 6S KH 7D JD 3D 3C 3H 9D 8D TC 5D 9H 8H TH 2S 2D 9C 6D 4S JS 7H 8C AD QD QH 3S JH 2C AH KC QS 2H 4H 5C 7C 5S TD AC TS QC 4D JC 9S 7S AS 6C KS 
2016-10-03 17:55:07,571 43   [main] DEBUG poker.Evaluator  - evaluate: [5S, 7C, 9S, TD, TS, KS, AC]
2016-10-03 17:55:07,584 56   [main] DEBUG poker.Evaluator  - score: pair, [TS, TD, AC, KS, 9S]
2016-10-03 17:55:07,584 56   [main] DEBUG poker.Evaluator  - not used: [5S, 7C]
2016-10-03 17:55:07,596 68   [main] DEBUG poker.Evaluator  - evaluate: [5S, 6C, 7C, TD, TS, JC, AC]
2016-10-03 17:55:07,597 69   [main] DEBUG poker.Evaluator  - score: pair, [TS, TD, AC, JC, 7C]
2016-10-03 17:55:07,597 69   [main] DEBUG poker.Evaluator  - not used: [5S, 6C]
2016-10-03 17:55:07,597 69   [main] DEBUG poker.Evaluator  - evaluate: [4D, 5S, 7C, TD, TS, AC, AS]
2016-10-03 17:55:07,598 70   [main] DEBUG poker.Evaluator  - score: two pair, [AS, AC, TS, TD, 7C]
2016-10-03 17:55:07,598 70   [main] DEBUG poker.Evaluator  - not used: [4D, 5S]
2016-10-03 17:55:07,598 70   [main] DEBUG poker.Evaluator  - evaluate: [5S, 7C, 7S, TD, TS, QC, AC]
2016-10-03 17:55:07,599 71   [main] DEBUG poker.Evaluator  - score: two pair, [TS, TD, 7S, 7C, AC]
2016-10-03 17:55:07,599 71   [main] DEBUG poker.Evaluator  - not used: [5S, QC]
2016-10-04 20:55:16,976 0    [main] DEBUG poker.Deal  - Trace Message!
2016-10-04 20:55:17,044 68   [main] DEBUG poker.Deck  - cards: AS 2S 3S 4S 5S 6S 7S 8S 9S TS JS QS KS AH 2H 3H 4H 5H 6H 7H 8H 9H TH JH QH KH AD 2D 3D 4D 5D 6D 7D 8D 9D TD JD QD KD AC 2C 3C 4C 5C 6C 7C 8C 9C TC JC QC KC 
2016-10-04 20:55:17,049 73   [main] DEBUG poker.Evaluator  - evaluate: [3D, 4D, 5C, 9D, TC, AC, AH]
2016-10-04 20:55:17,070 94   [main] DEBUG poker.Evaluator  - score: pair, [AH, AC, TC, 9D, 5C]
2016-10-04 20:55:17,070 94   [main] DEBUG poker.Evaluator  - not used: [3D, 4D]
2016-10-04 20:55:17,071 95   [main] DEBUG poker.Evaluator  - evaluate: [4D, 5C, 9D, TC, TD, QH, AC]
2016-10-04 20:55:17,071 95   [main] DEBUG poker.Evaluator  - score: pair, [TD, TC, AC, QH, 9D]
2016-10-04 20:55:17,071 95   [main] DEBUG poker.Evaluator  - not used: [4D, 5C]
2016-10-04 20:55:17,071 95   [main] DEBUG poker.Evaluator  - evaluate: [4D, 5C, 6S, 9C, 9D, TC, AC]
2016-10-04 20:55:17,071 95   [main] DEBUG poker.Evaluator  - score: pair, [9D, 9C, AC, TC, 6S]
2016-10-04 20:55:17,071 95   [main] DEBUG poker.Evaluator  - not used: [4D, 5C]
2016-10-04 20:55:17,071 95   [main] DEBUG poker.Evaluator  - evaluate: [4D, 5C, 5H, 8C, 9D, TC, AC]
2016-10-04 20:55:17,072 96   [main] DEBUG poker.Evaluator  - score: pair, [5H, 5C, AC, TC, 9D]
2016-10-04 20:55:17,072 96   [main] DEBUG poker.Evaluator  - not used: [4D, 8C]
2016-10-04 20:57:09,903 0    [main] DEBUG poker.Deal  - Trace Message!
2016-10-04 20:57:09,907 4    [main] DEBUG poker.Deck  - cards: AS 2S 3S 4S 5S 6S 7S 8S 9S TS JS QS KS AH 2H 3H 4H 5H 6H 7H 8H 9H TH JH QH KH AD 2D 3D 4D 5D 6D 7D 8D 9D TD JD QD KD AC 2C 3C 4C 5C 6C 7C 8C 9C TC JC QC KC 
2016-10-04 20:57:09,909 6    [main] DEBUG poker.Deal  - shuffle: QS TD 6C TC JH AS 9S KS 6S 8H AD AC 4C KH 8S 5H QC 5S 7D 2C 9C 6H JS AH 4S 3H 4D 9H 4H QH JC QD KD 5C 7H 6D 3C TH JD 2S 2D 8D KC 7S 3D 7C 8C 3S TS 5D 2H 9D 
2016-10-04 20:57:09,910 7    [main] DEBUG poker.Evaluator  - evaluate: [2D, 2S, 3S, 7S, 8D, 9D, KC]
2016-10-04 20:57:09,912 9    [main] DEBUG poker.Evaluator  - score: pair, [2S, 2D, KC, 9D, 8D]
2016-10-04 20:57:09,912 9    [main] DEBUG poker.Evaluator  - not used: [3S, 7S]
2016-10-04 20:57:09,913 10   [main] DEBUG poker.Evaluator  - evaluate: [2D, 2H, 2S, 7S, 8C, 8D, KC]
2016-10-04 20:57:09,914 11   [main] DEBUG poker.Evaluator  - score: full house, [2S, 2H, 2D, 8D, 8C]
2016-10-04 20:57:09,914 11   [main] DEBUG poker.Evaluator  - not used: [7S, KC]
2016-10-04 20:57:09,915 12   [main] DEBUG poker.Evaluator  - evaluate: [2D, 2S, 5D, 7C, 7S, 8D, KC]
2016-10-04 20:57:09,915 12   [main] DEBUG poker.Evaluator  - score: two pair, [7S, 7C, 2S, 2D, KC]
2016-10-04 20:57:09,915 12   [main] DEBUG poker.Evaluator  - not used: [5D, 8D]
2016-10-04 20:57:09,915 12   [main] DEBUG poker.Evaluator  - evaluate: [2D, 2S, 3D, 7S, 8D, TS, KC]
2016-10-04 20:57:09,916 13   [main] DEBUG poker.Evaluator  - score: pair, [2S, 2D, KC, TS, 8D]
2016-10-04 20:57:09,916 13   [main] DEBUG poker.Evaluator  - not used: [3D, 7S]
2016-10-04 20:57:49,315 0    [main] DEBUG poker.Deal  - Trace Message!
2016-10-04 20:57:49,320 5    [main] DEBUG poker.Deck  - cards: AS 2S 3S 4S 5S 6S 7S 8S 9S TS JS QS KS AH 2H 3H 4H 5H 6H 7H 8H 9H TH JH QH KH AD 2D 3D 4D 5D 6D 7D 8D 9D TD JD QD KD AC 2C 3C 4C 5C 6C 7C 8C 9C TC JC QC KC 
2016-10-04 20:57:49,322 7    [main] DEBUG poker.Deal  - shuffle: AS QH 6D 2S 5C TS AH 9D 6C 2C 5H AD 7C 3D KD 3H KH JH QC QS TC 2D TD 9C 4D JD 6S 4H 3C 4C 4S 9S 5S TH KC QD 8C 6H JC 7S 7D AC 8S JS 8D 5D 7H 9H 3S KS 2H 8H 
2016-10-04 20:57:49,323 8    [main] DEBUG poker.Evaluator  - evaluate: [7D, 7S, 8H, 8S, 9H, JS, AC]
2016-10-04 20:57:49,325 10   [main] DEBUG poker.Evaluator  - score: two pair, [8S, 8H, 7S, 7D, AC]
2016-10-04 20:57:49,325 10   [main] DEBUG poker.Evaluator  - not used: [9H, JS]
2016-10-04 20:57:49,325 10   [main] DEBUG poker.Evaluator  - evaluate: [2H, 7D, 7H, 7S, 8S, JS, AC]
2016-10-04 20:57:49,326 11   [main] DEBUG poker.Evaluator  - score: three of a kind, [7S, 7H, 7D, AC, JS]
2016-10-04 20:57:49,326 11   [main] DEBUG poker.Evaluator  - not used: [2H, 8S]
2016-10-04 20:57:49,326 11   [main] DEBUG poker.Evaluator  - evaluate: [5D, 7D, 7S, 8S, JS, KS, AC]
2016-10-04 20:57:49,326 11   [main] DEBUG poker.Evaluator  - score: pair, [7S, 7D, AC, KS, JS]
2016-10-04 20:57:49,327 12   [main] DEBUG poker.Evaluator  - not used: [5D, 8S]
2016-10-04 20:57:49,327 12   [main] DEBUG poker.Evaluator  - evaluate: [3S, 7D, 7S, 8D, 8S, JS, AC]
2016-10-04 20:57:49,327 12   [main] DEBUG poker.Evaluator  - score: two pair, [8S, 8D, 7S, 7D, AC]
2016-10-04 20:57:49,327 12   [main] DEBUG poker.Evaluator  - not used: [3S, JS]
2016-10-04 21:00:27,440 0    [main] DEBUG poker.Deal  - Trace Message!
2016-10-04 21:00:27,450 10   [main] DEBUG poker.Deck  - cards: AS 2S 3S 4S 5S 6S 7S 8S 9S TS JS QS KS AH 2H 3H 4H 5H 6H 7H 8H 9H TH JH QH KH AD 2D 3D 4D 5D 6D 7D 8D 9D TD JD QD KD AC 2C 3C 4C 5C 6C 7C 8C 9C TC JC QC KC 
2016-10-04 21:00:27,453 13   [main] DEBUG poker.Deal  - shuffle: 3S 2H 9C 5S AC 7D 4C 8S 7S 6D JS JC QH 4D 7C 6C JD 4H TD KD AH 8H 5D 9S QC KH 2D 3C 2C KC TH QS 8D 2S KS TS 7H 3D 5C JH TC AS QD 5H AD 9D 6S 9H 8C 4S 3H 6H 
2016-10-04 21:00:27,455 15   [main] DEBUG poker.Evaluator  - evaluate: [5H, 6H, 9H, TC, JH, QD, AS]
2016-10-04 21:00:27,457 17   [main] DEBUG poker.Evaluator  - score: high card, [AS, QD, JH, TC, 9H]
2016-10-04 21:00:27,457 17   [main] DEBUG poker.Evaluator  - not used: [5H, 6H]
2016-10-04 21:00:27,457 17   [main] DEBUG poker.Evaluator  - evaluate: [3H, 5H, 6S, TC, JH, QD, AS]
2016-10-04 21:00:27,458 18   [main] DEBUG poker.Evaluator  - score: high card, [AS, QD, JH, TC, 6S]
2016-10-04 21:00:27,459 19   [main] DEBUG poker.Evaluator  - not used: [3H, 5H]
2016-10-04 21:00:27,459 19   [main] DEBUG poker.Evaluator  - evaluate: [4S, 5H, 9D, TC, JH, QD, AS]
2016-10-04 21:00:27,459 19   [main] DEBUG poker.Evaluator  - score: high card, [AS, QD, JH, TC, 9D]
2016-10-04 21:00:27,460 20   [main] DEBUG poker.Evaluator  - not used: [4S, 5H]
2016-10-04 21:00:27,460 20   [main] DEBUG poker.Evaluator  - evaluate: [5H, 8C, TC, JH, QD, AD, AS]
2016-10-04 21:00:27,460 20   [main] DEBUG poker.Evaluator  - score: pair, [AS, AD, QD, JH, TC]
2016-10-04 21:00:27,460 20   [main] DEBUG poker.Evaluator  - not used: [5H, 8C]
2016-10-04 21:02:07,770 0    [main] DEBUG poker.Deal  - Trace Message!
2016-10-04 21:02:07,773 3    [main] DEBUG poker.Deck  - cards: AS 2S 3S 4S 5S 6S 7S 8S 9S TS JS QS KS AH 2H 3H 4H 5H 6H 7H 8H 9H TH JH QH KH AD 2D 3D 4D 5D 6D 7D 8D 9D TD JD QD KD AC 2C 3C 4C 5C 6C 7C 8C 9C TC JC QC KC 
2016-10-04 21:02:07,776 6    [main] DEBUG poker.Deal  - shuffle: 6C TS TD 6D 8D 7S KS AC KH QH JC AD 5D 2S QS KD TH 6H JH 4H 7C 3H JD 4D 3D 8H QC JS 9D 2D 7H 7D 3S TC AH 4S 2C 3C AS 4C 9S 5C 8C 9H 9C 6S KC 5H 8S 2H QD 5S 
2016-10-04 21:02:07,777 7    [main] DEBUG poker.Evaluator  - evaluate: [4C, 5C, 5H, 5S, 8C, 9H, 9S]
2016-10-04 21:02:07,779 9    [main] DEBUG poker.Evaluator  - score: full house, [5S, 5H, 5C, 9S, 9H]
2016-10-04 21:02:07,779 9    [main] DEBUG poker.Evaluator  - not used: [4C, 8C]
2016-10-04 21:02:07,779 9    [main] DEBUG poker.Evaluator  - evaluate: [4C, 5C, 8C, 9H, 9S, QD, KC]
2016-10-04 21:02:07,780 10   [main] DEBUG poker.Evaluator  - score: pair, [9S, 9H, KC, QD, 8C]
2016-10-04 21:02:07,780 10   [main] DEBUG poker.Evaluator  - not used: [4C, 5C]
2016-10-04 21:02:07,780 10   [main] DEBUG poker.Evaluator  - evaluate: [2H, 4C, 5C, 6S, 8C, 9H, 9S]
2016-10-04 21:02:07,780 10   [main] DEBUG poker.Evaluator  - score: pair, [9S, 9H, 8C, 6S, 5C]
2016-10-04 21:02:07,781 11   [main] DEBUG poker.Evaluator  - not used: [2H, 4C]
2016-10-04 21:02:07,781 11   [main] DEBUG poker.Evaluator  - evaluate: [4C, 5C, 8C, 8S, 9C, 9H, 9S]
2016-10-04 21:02:07,784 14   [main] DEBUG poker.Evaluator  - score: full house, [9S, 9H, 9C, 8S, 8C]
2016-10-04 21:02:07,784 14   [main] DEBUG poker.Evaluator  - not used: [4C, 5C]
2016-10-04 21:04:58,854 0    [main] DEBUG poker.Deal  - Trace Message!
2016-10-04 21:04:58,857 3    [main] DEBUG poker.Deck  - cards: AS 2S 3S 4S 5S 6S 7S 8S 9S TS JS QS KS AH 2H 3H 4H 5H 6H 7H 8H 9H TH JH QH KH AD 2D 3D 4D 5D 6D 7D 8D 9D TD JD QD KD AC 2C 3C 4C 5C 6C 7C 8C 9C TC JC QC KC 
2016-10-04 21:04:58,858 4    [main] DEBUG poker.Deal  - shuffle: 3D 9D TH 3C AD KH KS AH JC 2D 6H 3H 6S TS 9C 4S 7H 8H 2S 3S 7D JD 6C 5C 4D TC 9S 4H JS AC 2C 2H TD QS 7C JH 6D 8S AS 4C 5D QC 7S 9H 8D 5S 8C 5H QD QH KD KC 
2016-10-04 21:04:58,860 6    [main] DEBUG poker.Evaluator  - evaluate: [4C, 5D, 5H, 7S, 9H, QC, KC]
2016-10-04 21:04:58,861 7    [main] DEBUG poker.Evaluator  - score: pair, [5H, 5D, KC, QC, 9H]
2016-10-04 21:04:58,861 7    [main] DEBUG poker.Evaluator  - not used: [4C, 7S]
2016-10-04 21:04:58,861 7    [main] DEBUG poker.Evaluator  - evaluate: [4C, 5D, 7S, 8C, 9H, QC, KD]
2016-10-04 21:04:58,861 7    [main] DEBUG poker.Evaluator  - score: high card, [KD, QC, 9H, 8C, 7S]
2016-10-04 21:04:58,861 7    [main] DEBUG poker.Evaluator  - not used: [4C, 5D]
2016-10-04 21:04:58,861 7    [main] DEBUG poker.Evaluator  - evaluate: [4C, 5D, 5S, 7S, 9H, QC, QH]
2016-10-04 21:04:58,862 8    [main] DEBUG poker.Evaluator  - score: two pair, [QH, QC, 5S, 5D, 9H]
2016-10-04 21:04:58,862 8    [main] DEBUG poker.Evaluator  - not used: [4C, 7S]
2016-10-04 21:04:58,862 8    [main] DEBUG poker.Evaluator  - evaluate: [4C, 5D, 7S, 8D, 9H, QC, QD]
2016-10-04 21:04:58,862 8    [main] DEBUG poker.Evaluator  - score: pair, [QD, QC, 9H, 8D, 7S]
2016-10-04 21:04:58,862 8    [main] DEBUG poker.Evaluator  - not used: [4C, 5D]
2016-10-04 21:16:56,711 0    [main] DEBUG poker.Deal  - Trace Message!
2016-10-04 21:16:56,738 27   [main] DEBUG poker.Deck  - cards: AS 2S 3S 4S 5S 6S 7S 8S 9S TS JS QS KS AH 2H 3H 4H 5H 6H 7H 8H 9H TH JH QH KH AD 2D 3D 4D 5D 6D 7D 8D 9D TD JD QD KD AC 2C 3C 4C 5C 6C 7C 8C 9C TC JC QC KC 
2016-10-04 21:16:56,741 30   [main] DEBUG poker.Deal  - shuffle: 5S JD 5C 3S 6C KH QS 9C 3H JC JH KD 5H 3C 9S 7C QD AD 8D 2H 2S 8S 5D 9D AH TH 8H 4H TD 7S 9H 3D 2C 4C 4S AC TC QH 8C JS KS 7D QC 7H 6H 2D KC 4D 6S AS 6D TS 
2016-10-04 21:16:56,742 31   [main] DEBUG poker.Evaluator  - evaluate: [4D, 7D, 7H, TS, JS, QC, KS]
2016-10-04 21:16:56,746 35   [main] DEBUG poker.Evaluator  - score: pair, [7H, 7D, KS, QC, JS]
2016-10-04 21:16:56,746 35   [main] DEBUG poker.Evaluator  - not used: [4D, TS]
2016-10-04 21:16:56,748 37   [main] DEBUG poker.Evaluator  - evaluate: [6D, 7D, 7H, JS, QC, KC, KS]
2016-10-04 21:16:56,749 38   [main] DEBUG poker.Evaluator  - score: two pair, [KS, KC, 7H, 7D, QC]
2016-10-04 21:16:56,749 38   [main] DEBUG poker.Evaluator  - not used: [6D, JS]
2016-10-04 21:16:56,749 38   [main] DEBUG poker.Evaluator  - evaluate: [2D, 7D, 7H, JS, QC, KS, AS]
2016-10-04 21:16:56,750 39   [main] DEBUG poker.Evaluator  - score: pair, [7H, 7D, AS, KS, QC]
2016-10-04 21:16:56,750 39   [main] DEBUG poker.Evaluator  - not used: [2D, JS]
2016-10-04 21:16:56,750 39   [main] DEBUG poker.Evaluator  - evaluate: [6H, 6S, 7D, 7H, JS, QC, KS]
2016-10-04 21:16:56,750 39   [main] DEBUG poker.Evaluator  - score: two pair, [7H, 7D, 6S, 6H, KS]
2016-10-04 21:16:56,750 39   [main] DEBUG poker.Evaluator  - not used: [JS, QC]
2016-10-04 21:28:41,582 0    [main] DEBUG poker.Deal  - Trace Message!
2016-10-04 21:28:41,585 3    [main] DEBUG poker.Deck  - cards: AS 2S 3S 4S 5S 6S 7S 8S 9S TS JS QS KS AH 2H 3H 4H 5H 6H 7H 8H 9H TH JH QH KH AD 2D 3D 4D 5D 6D 7D 8D 9D TD JD QD KD AC 2C 3C 4C 5C 6C 7C 8C 9C TC JC QC KC 
2016-10-04 21:28:41,587 5    [main] DEBUG poker.Deal  - shuffle: 4S 5S 6S 2D KC JD 9S AS 5D 9D 4D QH TS KH 9H QC 2S TD 8H KS AD 8S 4C 8C 3D QS 7H 2H AH 7C 6H 6C 5H 7D 4H TC 3S 9C JC JH 3C JS 8D 3H 6D 7S 5C QD TH 2C AC KD 
2016-10-04 21:28:41,588 6    [main] DEBUG poker.Evaluator  - evaluate: [3C, 3H, 8D, JH, JS, QD, KD]
2016-10-04 21:28:41,592 10   [main] DEBUG poker.Evaluator  - score: two pair, [JS, JH, 3H, 3C, KD]
2016-10-04 21:28:41,592 10   [main] DEBUG poker.Evaluator  - not used: [8D, QD]
2016-10-04 21:28:41,597 15   [main] DEBUG poker.Evaluator  - evaluate: [3C, 3H, 5C, 8D, JH, JS, AC]
2016-10-04 21:28:41,598 16   [main] DEBUG poker.Evaluator  - score: two pair, [JS, JH, 3H, 3C, AC]
2016-10-04 21:28:41,598 16   [main] DEBUG poker.Evaluator  - not used: [5C, 8D]
2016-10-04 21:28:41,598 16   [main] DEBUG poker.Evaluator  - evaluate: [2C, 3C, 3H, 7S, 8D, JH, JS]
2016-10-04 21:28:41,598 16   [main] DEBUG poker.Evaluator  - score: two pair, [JS, JH, 3H, 3C, 8D]
2016-10-04 21:28:41,598 16   [main] DEBUG poker.Evaluator  - not used: [2C, 7S]
2016-10-04 21:28:41,599 17   [main] DEBUG poker.Evaluator  - evaluate: [3C, 3H, 6D, 8D, TH, JH, JS]
2016-10-04 21:28:41,599 17   [main] DEBUG poker.Evaluator  - score: two pair, [JS, JH, 3H, 3C, TH]
2016-10-04 21:28:41,599 17   [main] DEBUG poker.Evaluator  - not used: [6D, 8D]
2016-10-04 21:28:50,190 2    [main] DEBUG poker.Deal  - Trace Message!
2016-10-04 21:28:50,193 5    [main] DEBUG poker.Deck  - cards: AS 2S 3S 4S 5S 6S 7S 8S 9S TS JS QS KS AH 2H 3H 4H 5H 6H 7H 8H 9H TH JH QH KH AD 2D 3D 4D 5D 6D 7D 8D 9D TD JD QD KD AC 2C 3C 4C 5C 6C 7C 8C 9C TC JC QC KC 
2016-10-04 21:28:50,198 10   [main] DEBUG poker.Deal  - shuffle: TD 9D 3C KC TH JS 9C 6C KH 8D 7H 9H 9S 2S 7D 5C 2D QH 3D 5S JD AS AD TS 7S 7C 4D QD JC 3H 8C QC 3S 4C 8S 5H 6H AH 2H 4S 5D 8H 6S JH QS 6D 2C KD 4H TC KS AC 
2016-10-04 21:28:50,200 12   [main] DEBUG poker.Evaluator  - evaluate: [4S, 5D, 6S, 8H, JH, KD, AC]
2016-10-04 21:28:50,201 13   [main] DEBUG poker.Evaluator  - score: high card, [AC, KD, JH, 8H, 6S]
2016-10-04 21:28:50,201 13   [main] DEBUG poker.Evaluator  - not used: [4S, 5D]
2016-10-04 21:28:50,202 14   [main] DEBUG poker.Evaluator  - evaluate: [2C, 4S, 5D, 6S, 8H, JH, KS]
2016-10-04 21:28:50,202 14   [main] DEBUG poker.Evaluator  - score: high card, [KS, JH, 8H, 6S, 5D]
2016-10-04 21:28:50,203 15   [main] DEBUG poker.Evaluator  - not used: [2C, 4S]
2016-10-04 21:28:50,203 15   [main] DEBUG poker.Evaluator  - evaluate: [4S, 5D, 6D, 6S, 8H, TC, JH]
2016-10-04 21:28:50,203 15   [main] DEBUG poker.Evaluator  - score: pair, [6S, 6D, JH, TC, 8H]
2016-10-04 21:28:50,203 15   [main] DEBUG poker.Evaluator  - not used: [4S, 5D]
2016-10-04 21:28:50,204 16   [main] DEBUG poker.Evaluator  - evaluate: [4H, 4S, 5D, 6S, 8H, JH, QS]
2016-10-04 21:28:50,207 19   [main] DEBUG poker.Evaluator  - score: pair, [4S, 4H, QS, JH, 8H]
2016-10-04 21:28:50,207 19   [main] DEBUG poker.Evaluator  - not used: [5D, 6S]
2016-10-04 21:39:48,988 0    [main] DEBUG poker.Deal  - Trace Message!
2016-10-04 21:39:48,991 3    [main] DEBUG poker.Deck  - cards: AS 2S 3S 4S 5S 6S 7S 8S 9S TS JS QS KS AH 2H 3H 4H 5H 6H 7H 8H 9H TH JH QH KH AD 2D 3D 4D 5D 6D 7D 8D 9D TD JD QD KD AC 2C 3C 4C 5C 6C 7C 8C 9C TC JC QC KC 
2016-10-04 21:39:48,994 6    [main] DEBUG poker.Deal  - shuffle: JD 3H KC 6C 8C 5S KH 9C TD 8H KS 2H 3C 2S 6H 5C 7S 2C JS 2D QS TC QH 5D 7H 8S 3S 4S JH 4D 5H 8D TS AD TH 7D 9D 4C JC 4H AC 6D 7C QC KD 3D 6S AS 9H AH 9S QD 
2016-10-04 21:39:48,995 7    [main] DEBUG poker.Evaluator  - evaluate: [4H, 6D, 7C, QC, QD, AC, AS]
2016-10-04 21:39:48,997 9    [main] DEBUG poker.Evaluator  - score: two pair, [AS, AC, QD, QC, 7C]
2016-10-04 21:39:48,997 9    [main] DEBUG poker.Evaluator  - not used: [4H, 6D]
2016-10-04 21:39:48,997 9    [main] DEBUG poker.Evaluator  - evaluate: [4H, 6D, 6S, 7C, 9S, QC, AC]
2016-10-04 21:39:48,997 9    [main] DEBUG poker.Evaluator  - score: pair, [6S, 6D, AC, QC, 9S]
2016-10-04 21:39:48,998 10   [main] DEBUG poker.Evaluator  - not used: [4H, 7C]
2016-10-04 21:39:48,998 10   [main] DEBUG poker.Evaluator  - evaluate: [3D, 4H, 6D, 7C, QC, AC, AH]
2016-10-04 21:39:48,998 10   [main] DEBUG poker.Evaluator  - score: pair, [AH, AC, QC, 7C, 6D]
2016-10-04 21:39:48,998 10   [main] DEBUG poker.Evaluator  - not used: [3D, 4H]
2016-10-04 21:39:48,998 10   [main] DEBUG poker.Evaluator  - evaluate: [4H, 6D, 7C, 9H, QC, KD, AC]
2016-10-04 21:39:48,999 11   [main] DEBUG poker.Evaluator  - score: high card, [AC, KD, QC, 9H, 7C]
2016-10-04 21:39:48,999 11   [main] DEBUG poker.Evaluator  - not used: [4H, 6D]
2016-10-04 21:41:57,409 0    [main] DEBUG poker.Deal  - Trace Message!
2016-10-04 21:41:57,414 5    [main] DEBUG poker.Deck  - cards: AS 2S 3S 4S 5S 6S 7S 8S 9S TS JS QS KS AH 2H 3H 4H 5H 6H 7H 8H 9H TH JH QH KH AD 2D 3D 4D 5D 6D 7D 8D 9D TD JD QD KD AC 2C 3C 4C 5C 6C 7C 8C 9C TC JC QC KC 
2016-10-04 21:41:57,417 8    [main] DEBUG poker.Deal  - shuffle: 8S TD 6H QD 9C 6C 7H JH 2D 5H 8H AS 3D JS 7D 9S AH 2C QH 9D 6S 4D 4H TS JC AD KS 5C TH 9H 4S 5S KC QC 8C KD 8D 3H 7S 4C 2H 5D 7C 3C TC 2S AC QS KH JD 3S 6D 
2016-10-04 21:41:57,421 12   [main] DEBUG poker.Evaluator  - evaluate: [2H, 3C, 4C, 5D, 6D, 7C, QS]
2016-10-04 21:41:57,428 19   [main] DEBUG poker.Evaluator  - score: straight, [7C, 6D, 5D, 4C, 3C]
2016-10-04 21:41:57,428 19   [main] DEBUG poker.Evaluator  - not used: [2H, QS]
2016-10-04 21:41:57,429 20   [main] DEBUG poker.Evaluator  - evaluate: [2H, 3C, 3S, 4C, 5D, 7C, AC]
2016-10-04 21:41:57,429 20   [main] DEBUG poker.Evaluator  - score: straight, [5D, 4C, 3S, 2H, AC]
2016-10-04 21:41:57,429 20   [main] DEBUG poker.Evaluator  - not used: [3C, 7C]
2016-10-04 21:41:57,430 21   [main] DEBUG poker.Evaluator  - evaluate: [2H, 2S, 3C, 4C, 5D, 7C, JD]
2016-10-04 21:41:57,430 21   [main] DEBUG poker.Evaluator  - score: pair, [2S, 2H, JD, 7C, 5D]
2016-10-04 21:41:57,430 21   [main] DEBUG poker.Evaluator  - not used: [3C, 4C]
2016-10-04 21:41:57,430 21   [main] DEBUG poker.Evaluator  - evaluate: [2H, 3C, 4C, 5D, 7C, TC, KH]
2016-10-04 21:41:57,430 21   [main] DEBUG poker.Evaluator  - score: high card, [KH, TC, 7C, 5D, 4C]
2016-10-04 21:41:57,431 22   [main] DEBUG poker.Evaluator  - not used: [2H, 3C]
2016-10-04 21:49:24,466 0    [main] DEBUG poker.Deal  - Trace Message!
2016-10-04 21:49:24,469 3    [main] DEBUG poker.Deck  - cards: AS 2S 3S 4S 5S 6S 7S 8S 9S TS JS QS KS AH 2H 3H 4H 5H 6H 7H 8H 9H TH JH QH KH AD 2D 3D 4D 5D 6D 7D 8D 9D TD JD QD KD AC 2C 3C 4C 5C 6C 7C 8C 9C TC JC QC KC 
2016-10-04 21:49:24,473 7    [main] DEBUG poker.Deal  - shuffle: 9C 7D 7H 4C 3S 7C 2S 5C 9D 3C 4H AH JD 5D AD 4S JC 6D 9H 4D 5S KD 8D 6S JH AC TC 3H JS 8C 6H 2C TS KS TH 6C TD 2D QC 5H 2H 3D KC 9S QD 8S QS QH AS 7S 8H KH 
2016-10-04 21:49:24,475 9    [main] DEBUG poker.Evaluator  - evaluate: [2H, 3D, 5H, 9S, QH, KC, KH]
2016-10-04 21:49:24,476 10   [main] DEBUG poker.Evaluator  - score: pair, [KH, KC, QH, 9S, 5H]
2016-10-04 21:49:24,476 10   [main] DEBUG poker.Evaluator  - not used: [2H, 3D]
2016-10-04 21:49:24,476 10   [main] DEBUG poker.Evaluator  - evaluate: [2H, 3D, 5H, 8H, 9S, QS, KC]
2016-10-04 21:49:24,477 11   [main] DEBUG poker.Evaluator  - score: high card, [KC, QS, 9S, 8H, 5H]
2016-10-04 21:49:24,477 11   [main] DEBUG poker.Evaluator  - not used: [2H, 3D]
2016-10-04 21:49:24,477 11   [main] DEBUG poker.Evaluator  - evaluate: [2H, 3D, 5H, 7S, 8S, 9S, KC]
2016-10-04 21:49:24,478 12   [main] DEBUG poker.Evaluator  - score: high card, [KC, 9S, 8S, 7S, 5H]
2016-10-04 21:49:24,478 12   [main] DEBUG poker.Evaluator  - not used: [2H, 3D]
2016-10-04 21:49:24,478 12   [main] DEBUG poker.Evaluator  - evaluate: [2H, 3D, 5H, 9S, QD, KC, AS]
2016-10-04 21:49:24,479 13   [main] DEBUG poker.Evaluator  - score: high card, [AS, KC, QD, 9S, 5H]
2016-10-04 21:49:24,479 13   [main] DEBUG poker.Evaluator  - not used: [2H, 3D]
2016-10-04 21:52:23,909 0    [main] DEBUG poker.Deal  - Trace Message!
2016-10-04 21:52:23,912 3    [main] DEBUG poker.Deck  - cards: AS 2S 3S 4S 5S 6S 7S 8S 9S TS JS QS KS AH 2H 3H 4H 5H 6H 7H 8H 9H TH JH QH KH AD 2D 3D 4D 5D 6D 7D 8D 9D TD JD QD KD AC 2C 3C 4C 5C 6C 7C 8C 9C TC JC QC KC 
2016-10-04 21:52:23,915 6    [main] DEBUG poker.Deal  - shuffle: 6C AH 6D 9C AD AS 8C TC 6S 4H 9S 5D 8D 4S 7D 8H JD 2S KD 3C KH 3D 3H 3S 5C QD 7H 6H AC QH JS 9H QS 5S 7S KC JH 5H TS TD 9D 2H 2D KS 4C 7C 2C QC 4D JC TH 8S 
2016-10-04 21:52:23,917 8    [main] DEBUG poker.Evaluator  - evaluate: [2D, 2H, 8S, 9D, TD, QC, KS]
2016-10-04 21:52:23,923 14   [main] DEBUG poker.Evaluator  - score: pair, [2H, 2D, KS, QC, TD]
2016-10-04 21:52:23,924 15   [main] DEBUG poker.Evaluator  - not used: [8S, 9D]
2016-10-04 21:52:23,925 16   [main] DEBUG poker.Evaluator  - evaluate: [2C, 2D, 2H, 9D, TD, TH, KS]
2016-10-04 21:52:23,925 16   [main] DEBUG poker.Evaluator  - score: full house, [2H, 2D, 2C, TH, TD]
2016-10-04 21:52:23,925 16   [main] DEBUG poker.Evaluator  - not used: [9D, KS]
2016-10-04 21:52:23,926 17   [main] DEBUG poker.Evaluator  - evaluate: [2D, 2H, 7C, 9D, TD, JC, KS]
2016-10-04 21:52:23,926 17   [main] DEBUG poker.Evaluator  - score: pair, [2H, 2D, KS, JC, TD]
2016-10-04 21:52:23,926 17   [main] DEBUG poker.Evaluator  - not used: [7C, 9D]
2016-10-04 21:52:23,926 17   [main] DEBUG poker.Evaluator  - evaluate: [2D, 2H, 4C, 4D, 9D, TD, KS]
2016-10-04 21:52:23,927 18   [main] DEBUG poker.Evaluator  - score: two pair, [4D, 4C, 2H, 2D, KS]
2016-10-04 21:52:23,927 18   [main] DEBUG poker.Evaluator  - not used: [9D, TD]
2016-10-04 22:13:11,162 0    [main] DEBUG poker.Deal  - Trace Message!
2016-10-04 22:13:11,228 66   [main] DEBUG poker.Deck  - cards: AS 2S 3S 4S 5S 6S 7S 8S 9S TS JS QS KS AH 2H 3H 4H 5H 6H 7H 8H 9H TH JH QH KH AD 2D 3D 4D 5D 6D 7D 8D 9D TD JD QD KD AC 2C 3C 4C 5C 6C 7C 8C 9C TC JC QC KC 
2016-10-04 22:13:11,234 72   [main] DEBUG poker.Deal  - shuffle: AC KD 8H 7H QC 5S TC QD 3D 9D 2C 7D 5C 9H TD 4C 6S 4S 2H 8D TH QS 4D AS TS KC 2D 8S 7S KH AH JC QH JS 6C 9C 3S 3C 5H 9S KS JD 7C 4H 5D JH 3H 6D 2S 6H AD 8C 
2016-10-04 22:13:11,237 75   [main] DEBUG poker.Evaluator  - evaluate: [4H, 6D, 7C, 8C, 9S, JD, KS]
2016-10-04 22:13:11,238 76   [main] DEBUG poker.Evaluator  - score: high card, [KS, JD, 9S, 8C, 7C]
2016-10-04 22:13:11,239 77   [main] DEBUG poker.Evaluator  - not used: [4H, 6D]
2016-10-04 22:13:11,248 86   [main] DEBUG poker.Evaluator  - evaluate: [3H, 4H, 7C, 9S, JD, KS, AD]
2016-10-04 22:13:11,249 87   [main] DEBUG poker.Evaluator  - score: high card, [AD, KS, JD, 9S, 7C]
2016-10-04 22:13:11,249 87   [main] DEBUG poker.Evaluator  - not used: [3H, 4H]
2016-10-04 22:13:11,249 87   [main] DEBUG poker.Evaluator  - evaluate: [4H, 6H, 7C, 9S, JD, JH, KS]
2016-10-04 22:13:11,250 88   [main] DEBUG poker.Evaluator  - score: pair, [JH, JD, KS, 9S, 7C]
2016-10-04 22:13:11,250 88   [main] DEBUG poker.Evaluator  - not used: [4H, 6H]
2016-10-04 22:13:11,250 88   [main] DEBUG poker.Evaluator  - evaluate: [2S, 4H, 5D, 7C, 9S, JD, KS]
2016-10-04 22:13:11,250 88   [main] DEBUG poker.Evaluator  - score: high card, [KS, JD, 9S, 7C, 5D]
2016-10-04 22:13:11,250 88   [main] DEBUG poker.Evaluator  - not used: [2S, 4H]
2016-10-04 22:15:45,214 0    [main] DEBUG poker.Deal  - Trace Message!
2016-10-04 22:15:45,217 3    [main] DEBUG poker.Deck  - cards: AS 2S 3S 4S 5S 6S 7S 8S 9S TS JS QS KS AH 2H 3H 4H 5H 6H 7H 8H 9H TH JH QH KH AD 2D 3D 4D 5D 6D 7D 8D 9D TD JD QD KD AC 2C 3C 4C 5C 6C 7C 8C 9C TC JC QC KC 
2016-10-04 22:15:45,220 6    [main] DEBUG poker.Deal  - shuffle: 5H 6H 9H 4S TS QC 7C 7S 7D KH 8C 6S JH 2D 5S 5D JD QH 9S KS TH 6D 8D 9D AC QD 6C 2C JS 3H 8S 3S 2S AS 4H KC TD 3C 7H 5C 9C 4C 3D AD AH 8H KD TC 4D JC 2H QS 
2016-10-04 22:15:45,221 7    [main] DEBUG poker.Evaluator  - evaluate: [3D, 4C, 5C, 9C, TC, QS, AD]
2016-10-04 22:15:45,222 8    [main] DEBUG poker.Evaluator  - score: high card, [AD, QS, TC, 9C, 5C]
2016-10-04 22:15:45,222 8    [main] DEBUG poker.Evaluator  - not used: [3D, 4C]
2016-10-04 22:15:45,222 8    [main] DEBUG poker.Evaluator  - evaluate: [2H, 3D, 4C, 5C, 9C, KD, AD]
2016-10-04 22:15:45,223 9    [main] DEBUG poker.Evaluator  - score: straight, [5C, 4C, 3D, 2H, AD]
2016-10-04 22:15:45,223 9    [main] DEBUG poker.Evaluator  - not used: [9C, KD]
2016-10-04 22:15:45,223 9    [main] DEBUG poker.Evaluator  - evaluate: [3D, 4C, 5C, 8H, 9C, JC, AD]
2016-10-04 22:15:45,223 9    [main] DEBUG poker.Evaluator  - score: high card, [AD, JC, 9C, 8H, 5C]
2016-10-04 22:15:45,223 9    [main] DEBUG poker.Evaluator  - not used: [3D, 4C]
2016-10-04 22:15:45,223 9    [main] DEBUG poker.Evaluator  - evaluate: [3D, 4C, 4D, 5C, 9C, AD, AH]
2016-10-04 22:15:45,224 10   [main] DEBUG poker.Evaluator  - score: two pair, [AH, AD, 4D, 4C, 9C]
2016-10-04 22:15:45,224 10   [main] DEBUG poker.Evaluator  - not used: [3D, 5C]
2016-10-04 22:20:28,048 0    [main] DEBUG poker.Deal  - Trace Message!
2016-10-04 22:20:28,050 2    [main] DEBUG poker.Deck  - cards: AS 2S 3S 4S 5S 6S 7S 8S 9S TS JS QS KS AH 2H 3H 4H 5H 6H 7H 8H 9H TH JH QH KH AD 2D 3D 4D 5D 6D 7D 8D 9D TD JD QD KD AC 2C 3C 4C 5C 6C 7C 8C 9C TC JC QC KC 
2016-10-04 22:20:28,053 5    [main] DEBUG poker.Deal  - shuffle: TS 5H 3D 4D TH QC KD 9H 4H AH TC QS 6D JH 5C 2D 7D JS 9S 4S KC 6C 2C QD 7C AD 8S 7H KH 8H 2H 5S AS 3S 5D 4C 6S JD TD KS JC 3H 8D QH 9D 9C 7S 2S 3C 6H AC 8C 
2016-10-04 22:20:28,054 6    [main] DEBUG poker.Evaluator  - evaluate: [2S, 3H, 8C, 8D, JC, QH, KS]
2016-10-04 22:20:28,055 7    [main] DEBUG poker.Evaluator  - score: pair, [8D, 8C, KS, QH, JC]
2016-10-04 22:20:28,055 7    [main] DEBUG poker.Evaluator  - not used: [2S, 3H]
2016-10-04 22:20:28,055 7    [main] DEBUG poker.Evaluator  - evaluate: [3H, 7S, 8D, JC, QH, KS, AC]
2016-10-04 22:20:28,056 8    [main] DEBUG poker.Evaluator  - score: high card, [AC, KS, QH, JC, 8D]
2016-10-04 22:20:28,056 8    [main] DEBUG poker.Evaluator  - not used: [3H, 7S]
2016-10-04 22:20:28,056 8    [main] DEBUG poker.Evaluator  - evaluate: [3H, 6H, 8D, 9C, JC, QH, KS]
2016-10-04 22:20:28,057 9    [main] DEBUG poker.Evaluator  - score: high card, [KS, QH, JC, 9C, 8D]
2016-10-04 22:20:28,057 9    [main] DEBUG poker.Evaluator  - not used: [3H, 6H]
2016-10-04 22:20:28,057 9    [main] DEBUG poker.Evaluator  - evaluate: [3C, 3H, 8D, 9D, JC, QH, KS]
2016-10-04 22:20:28,057 9    [main] DEBUG poker.Evaluator  - score: pair, [3H, 3C, KS, QH, JC]
2016-10-04 22:20:28,057 9    [main] DEBUG poker.Evaluator  - not used: [8D, 9D]
2016-10-12 17:48:56,013 0    [main] DEBUG poker.Deal  - Trace Message!
2016-10-12 17:48:56,023 10   [main] DEBUG poker.Deck  - cards: AS 2S 3S 4S 5S 6S 7S 8S 9S TS JS QS KS AH 2H 3H 4H 5H 6H 7H 8H 9H TH JH QH KH AD 2D 3D 4D 5D 6D 7D 8D 9D TD JD QD KD AC 2C 3C 4C 5C 6C 7C 8C 9C TC JC QC KC 
2016-10-12 17:48:56,040 27   [main] DEBUG poker.Deal  - shuffle: 4H 9H 8H JD TS 5S 2H 8D 6D 3S 5H TH KC QC KD KS QH 9S 5C 4S 9C JH 3H 2C 6S 3C 6H QS TD 7H 4C 5D 7D AH 2S JC 2D TC 9D 3D 8C 4D 6C AS QD JS AC KH AD 8S 7S 7C 
2016-10-12 17:48:56,052 39   [main] DEBUG poker.Evaluator  - evaluate: [3D, 4D, 6C, 7C, 8C, KH, AS]
2016-10-12 17:48:56,063 50   [main] DEBUG poker.Evaluator  - score: high card, [AS, KH, 8C, 7C, 6C]
2016-10-12 17:48:56,063 50   [main] DEBUG poker.Evaluator  - not used: [3D, 4D]
2016-10-12 17:48:56,064 51   [main] DEBUG poker.Evaluator  - evaluate: [3D, 4D, 6C, 7S, 8C, AC, AS]
2016-10-12 17:48:56,064 51   [main] DEBUG poker.Evaluator  - score: pair, [AS, AC, 8C, 7S, 6C]
2016-10-12 17:48:56,064 51   [main] DEBUG poker.Evaluator  - not used: [3D, 4D]
2016-10-12 17:48:56,064 51   [main] DEBUG poker.Evaluator  - evaluate: [3D, 4D, 6C, 8C, 8S, JS, AS]
2016-10-12 17:48:56,064 51   [main] DEBUG poker.Evaluator  - score: pair, [8S, 8C, AS, JS, 6C]
2016-10-12 17:48:56,064 51   [main] DEBUG poker.Evaluator  - not used: [3D, 4D]
2016-10-12 17:48:56,064 51   [main] DEBUG poker.Evaluator  - evaluate: [3D, 4D, 6C, 8C, QD, AD, AS]
2016-10-12 17:48:56,064 51   [main] DEBUG poker.Evaluator  - score: pair, [AS, AD, QD, 8C, 6C]
2016-10-12 17:48:56,064 51   [main] DEBUG poker.Evaluator  - not used: [3D, 4D]
2016-10-12 18:29:21,512 0    [main] DEBUG poker.Deal  - Trace Message!
2016-10-12 18:29:21,515 3    [main] DEBUG poker.Deck  - cards: AS 2S 3S 4S 5S 6S 7S 8S 9S TS JS QS KS AH 2H 3H 4H 5H 6H 7H 8H 9H TH JH QH KH AD 2D 3D 4D 5D 6D 7D 8D 9D TD JD QD KD AC 2C 3C 4C 5C 6C 7C 8C 9C TC JC QC KC 
2016-10-12 18:29:21,518 6    [main] DEBUG poker.Deal  - shuffle: 6H 9C QC 6S QD 4D 4H 6D 2S 7C 2H TH KH KS 8D 5H 8S JC TD 8C 4S JH 2C 4C TC 7H 9D 2D 5C AC 8H QS 9H 3H JS AH 5S 7D AD KC 6C QH 5D 3D 3S 9S JD KD AS TS 7S 3C 
2016-10-12 18:29:21,520 8    [main] DEBUG poker.Evaluator  - evaluate: [3C, 3D, 5D, 6C, QH, KC, KD]
2016-10-12 18:29:21,522 10   [main] DEBUG poker.Evaluator  - score: two pair, [KD, KC, 3D, 3C, QH]
2016-10-12 18:29:21,522 10   [main] DEBUG poker.Evaluator  - not used: [5D, 6C]
2016-10-12 18:29:21,522 10   [main] DEBUG poker.Evaluator  - evaluate: [3D, 5D, 6C, 7S, JD, QH, KC]
2016-10-12 18:29:21,523 11   [main] DEBUG poker.Evaluator  - score: high card, [KC, QH, JD, 7S, 6C]
2016-10-12 18:29:21,523 11   [main] DEBUG poker.Evaluator  - not used: [3D, 5D]
2016-10-12 18:29:21,523 11   [main] DEBUG poker.Evaluator  - evaluate: [3D, 5D, 6C, 9S, TS, QH, KC]
2016-10-12 18:29:21,524 12   [main] DEBUG poker.Evaluator  - score: high card, [KC, QH, TS, 9S, 6C]
2016-10-12 18:29:21,524 12   [main] DEBUG poker.Evaluator  - not used: [3D, 5D]
2016-10-12 18:29:21,524 12   [main] DEBUG poker.Evaluator  - evaluate: [3D, 3S, 5D, 6C, QH, KC, AS]
2016-10-12 18:29:21,524 12   [main] DEBUG poker.Evaluator  - score: pair, [3S, 3D, AS, KC, QH]
2016-10-12 18:29:21,524 12   [main] DEBUG poker.Evaluator  - not used: [5D, 6C]
2016-10-19 19:25:15,500 0    [main] DEBUG poker.Deal  - Trace Message!
2016-10-19 19:25:15,515 15   [main] DEBUG poker.Deck  - cards: AS 2S 3S 4S 5S 6S 7S 8S 9S TS JS QS KS AH 2H 3H 4H 5H 6H 7H 8H 9H TH JH QH KH AD 2D 3D 4D 5D 6D 7D 8D 9D TD JD QD KD AC 2C 3C 4C 5C 6C 7C 8C 9C TC JC QC KC 
2016-10-19 19:25:15,527 27   [main] DEBUG poker.Deal  - shuffle: 3H 4D 6H 3S JS 2C 8H AD 4H 7D 9H 9C TD 8S 9S QD 2S 5S 5H TC AH 9D 6C TH 7C 6D AS QC 7S 5D QS KD 7H 2H 8C QH 3C 5C JH JD 4S 3D TS KC AC KS KH JC 6S 4C 8D 2D 
2016-10-19 19:25:15,538 38   [main] DEBUG poker.Evaluator  - evaluate: [2D, 3D, 4S, TS, JC, JD, KC]
2016-10-19 19:25:15,555 55   [main] DEBUG poker.Evaluator  - score: pair, [JD, JC, KC, TS, 4S]
2016-10-19 19:25:15,555 55   [main] DEBUG poker.Evaluator  - not used: [2D, 3D]
2016-10-19 19:25:15,556 56   [main] DEBUG poker.Evaluator  - evaluate: [3D, 4S, 8D, TS, JD, KC, KH]
2016-10-19 19:25:15,556 56   [main] DEBUG poker.Evaluator  - score: pair, [KH, KC, JD, TS, 8D]
2016-10-19 19:25:15,556 56   [main] DEBUG poker.Evaluator  - not used: [3D, 4S]
2016-10-19 19:25:15,556 56   [main] DEBUG poker.Evaluator  - evaluate: [3D, 4C, 4S, TS, JD, KC, KS]
2016-10-19 19:25:15,556 56   [main] DEBUG poker.Evaluator  - score: two pair, [KS, KC, 4S, 4C, JD]
2016-10-19 19:25:15,556 56   [main] DEBUG poker.Evaluator  - not used: [3D, TS]
2016-10-19 19:25:15,556 56   [main] DEBUG poker.Evaluator  - evaluate: [3D, 4S, 6S, TS, JD, KC, AC]
2016-10-19 19:25:15,556 56   [main] DEBUG poker.Evaluator  - score: high card, [AC, KC, JD, TS, 6S]
2016-10-19 19:25:15,556 56   [main] DEBUG poker.Evaluator  - not used: [3D, 4S]
2016-10-19 19:33:48,511 0    [main] DEBUG poker.Deal  - Trace Message!
2016-10-19 19:33:48,515 4    [main] DEBUG poker.Deck  - cards: AS 2S 3S 4S 5S 6S 7S 8S 9S TS JS QS KS AH 2H 3H 4H 5H 6H 7H 8H 9H TH JH QH KH AD 2D 3D 4D 5D 6D 7D 8D 9D TD JD QD KD AC 2C 3C 4C 5C 6C 7C 8C 9C TC JC QC KC 
2016-10-19 19:33:48,518 7    [main] DEBUG poker.Deal  - shuffle: 7S KC 6D TD AS JD JH KH 5S 2H 5C 9S TC 6H 9C QC 4H 3D AC QH 5D JS 3H 9D 8C 3C QD KS JC 7H 5H QS 6C 7D 8S 2S TS AH 2D 4D 7C 9H KD 8H 4C 4S 3S AD 6S TH 2C 8D 
2016-10-19 19:33:48,520 9    [main] DEBUG poker.Evaluator  - evaluate: [4D, 7C, 8D, 8H, 9H, KD, AD]
2016-10-19 19:33:48,521 10   [main] DEBUG poker.Evaluator  - score: pair, [8H, 8D, AD, KD, 9H]
2016-10-19 19:33:48,522 11   [main] DEBUG poker.Evaluator  - not used: [4D, 7C]
2016-10-19 19:33:48,522 11   [main] DEBUG poker.Evaluator  - evaluate: [2C, 3S, 4D, 7C, 8H, 9H, KD]
2016-10-19 19:33:48,522 11   [main] DEBUG poker.Evaluator  - score: high card, [KD, 9H, 8H, 7C, 4D]
2016-10-19 19:33:48,522 11   [main] DEBUG poker.Evaluator  - not used: [2C, 3S]
2016-10-19 19:33:48,523 12   [main] DEBUG poker.Evaluator  - evaluate: [4D, 4S, 7C, 8H, 9H, TH, KD]
2016-10-19 19:33:48,523 12   [main] DEBUG poker.Evaluator  - score: pair, [4S, 4D, KD, TH, 9H]
2016-10-19 19:33:48,523 12   [main] DEBUG poker.Evaluator  - not used: [7C, 8H]
2016-10-19 19:33:48,523 12   [main] DEBUG poker.Evaluator  - evaluate: [4C, 4D, 6S, 7C, 8H, 9H, KD]
2016-10-19 19:33:48,524 13   [main] DEBUG poker.Evaluator  - score: pair, [4D, 4C, KD, 9H, 8H]
2016-10-19 19:33:48,524 13   [main] DEBUG poker.Evaluator  - not used: [6S, 7C]
